<?xml version="1.0" encoding="UTF-8"?>
<!-- Generated by org.testng.reporters.JUnitReportReporter -->
<testsuite skipped="0" hostname="LAPTOP-L60OU05G" name="com.restApi.testRunners.RunCucumberTest" tests="19" failures="0" timestamp="2021-07-01T12:15:43 IST" time="3.972" errors="0">
  <testcase name="runScenario" time="0.016" classname="com.restApi.testRunners.RunCucumberTest"/>
  <system-out/>
  <testcase name="runScenario" time="0.032" classname="com.restApi.testRunners.RunCucumberTest"/>
  <system-out/>
  <testcase name="runScenario" time="0.078" classname="com.restApi.testRunners.RunCucumberTest"/>
  <system-out/>
  <testcase name="runScenario" time="0.015" classname="com.restApi.testRunners.RunCucumberTest"/>
  <system-out/>
  <testcase name="runScenario" time="0.027" classname="com.restApi.testRunners.RunCucumberTest"/>
  <system-out/>
  <testcase name="runScenario" time="0.077" classname="com.restApi.testRunners.RunCucumberTest"/>
  <system-out/>
  <testcase name="runScenario" time="0.013" classname="com.restApi.testRunners.RunCucumberTest"/>
  <system-out/>
  <testcase name="runScenario" time="0.072" classname="com.restApi.testRunners.RunCucumberTest"/>
  <system-out/>
  <testcase name="runScenario" time="0.066" classname="com.restApi.testRunners.RunCucumberTest"/>
  <system-out/>
  <testcase name="runScenario" time="0.063" classname="com.restApi.testRunners.RunCucumberTest"/>
  <system-out/>
  <testcase name="runScenario" time="0.058" classname="com.restApi.testRunners.RunCucumberTest"/>
  <system-out/>
  <testcase name="runScenario" time="0.015" classname="com.restApi.testRunners.RunCucumberTest"/>
  <system-out/>
  <testcase name="runScenario" time="3.006" classname="com.restApi.testRunners.RunCucumberTest"/>
  <system-out/>
  <testcase name="runScenario" time="0.032" classname="com.restApi.testRunners.RunCucumberTest"/>
  <system-out/>
  <testcase name="runScenario" time="0.059" classname="com.restApi.testRunners.RunCucumberTest"/>
  <system-out/>
  <testcase name="runScenario" time="0.078" classname="com.restApi.testRunners.RunCucumberTest"/>
  <system-out/>
  <testcase name="runScenario" time="0.063" classname="com.restApi.testRunners.RunCucumberTest"/>
  <system-out/>
  <testcase name="runScenario" time="0.153" classname="com.restApi.testRunners.RunCucumberTest"/>
  <system-out/>
  <testcase name="runScenario" time="0.049" classname="com.restApi.testRunners.RunCucumberTest"/>
  <system-out/>
</testsuite> <!-- com.restApi.testRunners.RunCucumberTest -->
