<?xml version="1.0" encoding="UTF-8"?>
<!-- Generated by org.testng.reporters.JUnitReportReporter -->
<testsuite skipped="0" hostname="LAPTOP-L60OU05G" name="com.restApi.testRunners.RunCucumberTest" tests="19" failures="0" timestamp="2021-07-01T12:46:22 IST" time="4.704" errors="0">
  <testcase name="runScenario" time="0.013" classname="com.restApi.testRunners.RunCucumberTest"/>
  <system-out/>
  <testcase name="runScenario" time="3.237" classname="com.restApi.testRunners.RunCucumberTest"/>
  <system-out/>
  <testcase name="runScenario" time="0.235" classname="com.restApi.testRunners.RunCucumberTest"/>
  <system-out/>
  <testcase name="runScenario" time="0.016" classname="com.restApi.testRunners.RunCucumberTest"/>
  <system-out/>
  <testcase name="runScenario" time="0.062" classname="com.restApi.testRunners.RunCucumberTest"/>
  <system-out/>
  <testcase name="runScenario" time="0.093" classname="com.restApi.testRunners.RunCucumberTest"/>
  <system-out/>
  <testcase name="runScenario" time="0.031" classname="com.restApi.testRunners.RunCucumberTest"/>
  <system-out/>
  <testcase name="runScenario" time="0.046" classname="com.restApi.testRunners.RunCucumberTest"/>
  <system-out/>
  <testcase name="runScenario" time="0.047" classname="com.restApi.testRunners.RunCucumberTest"/>
  <system-out/>
  <testcase name="runScenario" time="0.073" classname="com.restApi.testRunners.RunCucumberTest"/>
  <system-out/>
  <testcase name="runScenario" time="0.015" classname="com.restApi.testRunners.RunCucumberTest"/>
  <system-out/>
  <testcase name="runScenario" time="0.016" classname="com.restApi.testRunners.RunCucumberTest"/>
  <system-out/>
  <testcase name="runScenario" time="0.125" classname="com.restApi.testRunners.RunCucumberTest"/>
  <system-out/>
  <testcase name="runScenario" time="0.145" classname="com.restApi.testRunners.RunCucumberTest"/>
  <system-out/>
  <testcase name="runScenario" time="0.109" classname="com.restApi.testRunners.RunCucumberTest"/>
  <system-out/>
  <testcase name="runScenario" time="0.144" classname="com.restApi.testRunners.RunCucumberTest"/>
  <system-out/>
  <testcase name="runScenario" time="0.141" classname="com.restApi.testRunners.RunCucumberTest"/>
  <system-out/>
  <testcase name="runScenario" time="0.047" classname="com.restApi.testRunners.RunCucumberTest"/>
  <system-out/>
  <testcase name="runScenario" time="0.109" classname="com.restApi.testRunners.RunCucumberTest"/>
  <system-out/>
</testsuite> <!-- com.restApi.testRunners.RunCucumberTest -->
